
-----------------------------   Welcome to ....   ------------------------------
                      _______  _______ _______ _______ 
                     |   _   \|   _   |   _   |   _   |
                     |.  1   /|.  |   |   1___|   1___|
                     |.  _   \|.  |   |____   |____   |
                     |:  1    |:  1   |:  1   |:  1   |
                     |::.. .  |::.. . |::.. . |::.. . |
                     `-------'`-------`-------`-------'

                              28-08-2018 15:26:25                               
--------------------------------------------------------------------------------

| BOSS input file found at: input_files/LennardJones

--------------------------------------------------------------------------------
                                   INPUT FILE                                   
--------------------------------------------------------------------------------
user_fn              user_functions/LennardJones.py
var_bounds           0.8 1.7
kernel               rbf 
y_range              -5 15
init_iter            3
bo_iter              20
verbosity            2

pp_truef_npts           30

--------------------------------------------------------------------------------
                             FOLLOWING OPTIONS SET                              
--------------------------------------------------------------------------------
| file handling
inputfile = input_files/LennardJones
user_fn   = user_functions/LennardJones.py
outfile   = boss.out
rstfile   = boss.rst

| main options
var_bounds  = 8.000E-01 1.700E+00
kernel      = rbf
y_range     = -5.000E+00 1.500E+01
init_choice = sobol
init_iter   = 3   bo_iter = 20
verbosity   = 2

| data acquisitions
acq_func     = <class 'boss.bo.acq.acqfuncs.ELCB'>
confidence_tol       = 5.000E-03
acquisition_dist_tol = 5.000E-02

| GP hyperparameters
noise       = 1.000E-12
Kvar_init   = 1.000E+01
Kvar_bounds = 1.000E-02 1.000E+04
Kls_init    = 4.500E-02
Kls_bounds  = 4.500E-04 4.500E+00
Kprior           = None
Kvar_prior_param = 1.000E-02 1.000E+04
Kls_prior_param  = none

| hyperparameter optimisation
hyperopt_interval = 5    hyperopt_at0      = True
hyperopt_start    = 5    hyperopt_restarts = 5

| postprocessing
pp_models         = True
pp_acq_funcs      = False
pp_truef_npts     = 30
pp_m_slice        = 0 0 50
pp_truef_at_xhats = False
pp_local_minima   = none

| Initialising GP model

--------------------------------------------------------------------------------
                                 INITIALISATION                                 
--------------------------------------------------------------------------------
| Processing initial data
| Evaluating objective function at x = 1.250E+00
| Objective function evaluated, time [s]        0.000
| Evaluating objective function at x = 1.475E+00
| Objective function evaluated, time [s]        0.000
| Evaluating objective function at x = 1.025E+00
| Objective function evaluated, time [s]        0.000
| Creating GP model
| Optimising GP model
| Calculating minimum prediction and other iteration quantities
| Looking for next sampling location

| -Initialisation summary-
Data acquisitions added to dataset (x y):
  1.2500000E+00      -9.1113705E-01
  1.4750000E+00      -3.6956631E-01
  1.0250000E+00      -1.9620757E+00
Total ensemble size: 3
Best acquisition (x_best y_best):
  1.0250000E+00      -1.9620757E+00
GP model hyperparameters (variance lengthscales):
 2.424E+00      3.884E-01
Global minimum prediction (x_hat mu_hat +- nu_hat):
  8.1008073E-01      -2.4674858E+00  1.8876676E-01
Measures of convergence (dx_hat dmu_hat):
    none    none
Next sampling location (x_next):
  8.0000000E-01

Iteration time [s]:        0.272
Cumulated time [s]:        0.306

| Initialisation completed, time [s]        0.278
| Starting Bayesian optimisation

--------------------------------------------------------------------------------
                                  ITERATION 1                                   
--------------------------------------------------------------------------------
| Acquiring more data
| Evaluating objective function at x = 8.000E-01
| Objective function evaluated, time [s]        0.000
| Updating GP model
| Calculating minimum prediction and other iteration quantities
| Looking for next sampling location

| -Iteration summary-
Data acquisitions added to dataset (x y):
  8.0000000E-01       1.3845041E+01
Total ensemble size: 4
Best acquisition (x_best y_best):
  1.0250000E+00      -1.9620757E+00
GP model hyperparameters (variance lengthscales):
 2.424E+00      3.884E-01
Global minimum prediction (x_hat mu_hat +- nu_hat):
  1.7000000E+00      -8.7682050E+00  1.5839790E-01
Measures of convergence (dx_hat dmu_hat):
 8.899E-01 6.301E+00
Next sampling location (x_next):
  1.7000000E+00

Iteration time [s]:        0.185
Cumulated time [s]:        0.503


--------------------------------------------------------------------------------
                                  ITERATION 2                                   
--------------------------------------------------------------------------------
| Acquiring more data
| Evaluating objective function at x = 1.700E+00
| Objective function evaluated, time [s]        0.000
| Updating GP model
| Calculating minimum prediction and other iteration quantities
| Looking for next sampling location

| -Iteration summary-
Data acquisitions added to dataset (x y):
  1.7000000E+00      -1.6228402E-01
Total ensemble size: 5
Best acquisition (x_best y_best):
  1.0250000E+00      -1.9620757E+00
GP model hyperparameters (variance lengthscales):
 2.424E+00      3.884E-01
Global minimum prediction (x_hat mu_hat +- nu_hat):
  1.0944398E+00      -2.7228791E+00  1.1461951E-04
Measures of convergence (dx_hat dmu_hat):
 6.056E-01 6.045E+00
Next sampling location (x_next):
  1.0952271E+00

Iteration time [s]:        0.410
Cumulated time [s]:        0.917


--------------------------------------------------------------------------------
                                  ITERATION 3                                   
--------------------------------------------------------------------------------
| Acquiring more data
| Evaluating objective function at x = 1.095E+00
| Objective function evaluated, time [s]        0.000
| Updating GP model
| Calculating minimum prediction and other iteration quantities
| Looking for next sampling location

| -Iteration summary-
Data acquisitions added to dataset (x y):
  1.0952271E+00      -1.6461831E+00
Total ensemble size: 6
Best acquisition (x_best y_best):
  1.0250000E+00      -1.9620757E+00
GP model hyperparameters (variance lengthscales):
 2.424E+00      3.884E-01
Global minimum prediction (x_hat mu_hat +- nu_hat):
  1.0339693E+00      -1.9726923E+00  2.2558059E-08
Measures of convergence (dx_hat dmu_hat):
 6.047E-02 7.502E-01
Next sampling location (x_next):
  1.0340576E+00

Iteration time [s]:        0.454
Cumulated time [s]:        1.377


--------------------------------------------------------------------------------
                                  ITERATION 4                                   
--------------------------------------------------------------------------------
| Acquiring more data
| Evaluating objective function at x = 1.034E+00
| Objective function evaluated, time [s]        0.000
| Updating GP model
| Calculating minimum prediction and other iteration quantities
| Looking for next sampling location

| -Iteration summary-
Data acquisitions added to dataset (x y):
  1.0340576E+00      -1.9337223E+00
Total ensemble size: 7
Best acquisition (x_best y_best):
  1.0250000E+00      -1.9620757E+00
GP model hyperparameters (variance lengthscales):
 2.424E+00      3.884E-01
Global minimum prediction (x_hat mu_hat +- nu_hat):
  1.0259919E+00      -1.9520086E+00  6.6695018E-09
Measures of convergence (dx_hat dmu_hat):
 7.977E-03 2.068E-02
Next sampling location (x_next):
  1.0259125E+00

Iteration time [s]:        1.788
Cumulated time [s]:        3.171


--------------------------------------------------------------------------------
                                  ITERATION 5                                   
--------------------------------------------------------------------------------
| Acquiring more data
| Evaluating objective function at x = 1.026E+00
| Objective function evaluated, time [s]        0.000
| Updating GP model
| Optimising GP model
| Calculating minimum prediction and other iteration quantities
| Looking for next sampling location
| Triggered pure exploration data acquiring due to overconfident model

| -Iteration summary-
Data acquisitions added to dataset (x y):
  1.0259125E+00      -1.9595044E+00
Total ensemble size: 8
Best acquisition (x_best y_best):
  1.0250000E+00      -1.9620757E+00
GP model hyperparameters (variance lengthscales):
 3.637E+01      1.087E-01
Global minimum prediction (x_hat mu_hat +- nu_hat):
  1.0093007E+00      -1.9866317E+00  8.2150535E-05
Measures of convergence (dx_hat dmu_hat):
 1.669E-02 3.462E-02
Next sampling location (x_next):
  1.5882255E+00

Iteration time [s]:        0.944
Cumulated time [s]:        4.119


--------------------------------------------------------------------------------
                                  ITERATION 6                                   
--------------------------------------------------------------------------------
| Acquiring more data
| Evaluating objective function at x = 1.588E+00
| Objective function evaluated, time [s]        0.000
| Updating GP model
| Calculating minimum prediction and other iteration quantities
| Looking for next sampling location

| -Iteration summary-
Data acquisitions added to dataset (x y):
  1.5882255E+00      -2.4145839E-01
Total ensemble size: 9
Best acquisition (x_best y_best):
  1.0250000E+00      -1.9620757E+00
GP model hyperparameters (variance lengthscales):
 3.637E+01      1.087E-01
Global minimum prediction (x_hat mu_hat +- nu_hat):
  1.0092960E+00      -1.9866371E+00  8.2227096E-05
Measures of convergence (dx_hat dmu_hat):
 4.768E-06 5.441E-06
Next sampling location (x_next):
  1.3632268E+00

Iteration time [s]:        2.026
Cumulated time [s]:        6.149


--------------------------------------------------------------------------------
                                  ITERATION 7                                   
--------------------------------------------------------------------------------
| Acquiring more data
| Evaluating objective function at x = 1.363E+00
| Objective function evaluated, time [s]        0.000
| Updating GP model
| Calculating minimum prediction and other iteration quantities
| Looking for next sampling location

| -Iteration summary-
Data acquisitions added to dataset (x y):
  1.3632268E+00      -5.7468163E-01
Total ensemble size: 10
Best acquisition (x_best y_best):
  1.0250000E+00      -1.9620757E+00
GP model hyperparameters (variance lengthscales):
 3.637E+01      1.087E-01
Global minimum prediction (x_hat mu_hat +- nu_hat):
  1.0091273E+00      -1.9868304E+00  8.5077651E-05
Measures of convergence (dx_hat dmu_hat):
 1.686E-04 1.933E-04
Next sampling location (x_next):
  1.6497731E+00

Iteration time [s]:        1.346
Cumulated time [s]:        7.500


--------------------------------------------------------------------------------
                                  ITERATION 8                                   
--------------------------------------------------------------------------------
| Acquiring more data
| Evaluating objective function at x = 1.650E+00
| Objective function evaluated, time [s]        0.000
| Updating GP model
| Calculating minimum prediction and other iteration quantities
| Looking for next sampling location

| -Iteration summary-
Data acquisitions added to dataset (x y):
  1.6497731E+00      -1.9346796E-01
Total ensemble size: 11
Best acquisition (x_best y_best):
  1.0250000E+00      -1.9620757E+00
GP model hyperparameters (variance lengthscales):
 3.637E+01      1.087E-01
Global minimum prediction (x_hat mu_hat +- nu_hat):
  1.0091119E+00      -1.9868472E+00  8.5348959E-05
Measures of convergence (dx_hat dmu_hat):
 1.542E-05 1.678E-05
Next sampling location (x_next):
  9.7797175E-01

Iteration time [s]:        2.880
Cumulated time [s]:       10.384


--------------------------------------------------------------------------------
                                  ITERATION 9                                   
--------------------------------------------------------------------------------
| Acquiring more data
| Evaluating objective function at x = 9.780E-01
| Objective function evaluated, time [s]        0.000
| Updating GP model
| Calculating minimum prediction and other iteration quantities
| Looking for next sampling location

| -Iteration summary-
Data acquisitions added to dataset (x y):
  9.7797175E-01      -1.9591082E+00
Total ensemble size: 12
Best acquisition (x_best y_best):
  1.0250000E+00      -1.9620757E+00
GP model hyperparameters (variance lengthscales):
 3.637E+01      1.087E-01
Global minimum prediction (x_hat mu_hat +- nu_hat):
  9.9763038E-01      -2.0116763E+00  5.2068542E-05
Measures of convergence (dx_hat dmu_hat):
 1.148E-02 2.483E-02
Next sampling location (x_next):
  1.1851248E+00

Iteration time [s]:        2.988
Cumulated time [s]:       13.376


--------------------------------------------------------------------------------
                                  ITERATION 10                                  
--------------------------------------------------------------------------------
| Acquiring more data
| Evaluating objective function at x = 1.185E+00
| Objective function evaluated, time [s]        0.000
| Updating GP model
| Optimising GP model
| Calculating minimum prediction and other iteration quantities
| Looking for next sampling location

| -Iteration summary-
Data acquisitions added to dataset (x y):
  1.1851248E+00      -1.1831630E+00
Total ensemble size: 13
Best acquisition (x_best y_best):
  1.0250000E+00      -1.9620757E+00
GP model hyperparameters (variance lengthscales):
 6.042E+01      1.282E-01
Global minimum prediction (x_hat mu_hat +- nu_hat):
  9.9845304E-01      -2.0063850E+00  4.1696895E-06
Measures of convergence (dx_hat dmu_hat):
 8.227E-04 5.291E-03
Next sampling location (x_next):
  9.9756199E-01

Iteration time [s]:        5.385
Cumulated time [s]:       18.765


--------------------------------------------------------------------------------
                                  ITERATION 11                                  
--------------------------------------------------------------------------------
| Acquiring more data
| Evaluating objective function at x = 9.976E-01
| Objective function evaluated, time [s]        0.000
| Updating GP model
| Calculating minimum prediction and other iteration quantities
| Looking for next sampling location

| -Iteration summary-
Data acquisitions added to dataset (x y):
  9.9756199E-01      -1.9995647E+00
Total ensemble size: 14
Best acquisition (x_best y_best):
  9.9756199E-01      -1.9995647E+00
GP model hyperparameters (variance lengthscales):
 6.042E+01      1.282E-01
Global minimum prediction (x_hat mu_hat +- nu_hat):
  9.9981572E-01      -1.9999480E+00  9.2842337E-09
Measures of convergence (dx_hat dmu_hat):
 1.363E-03 6.437E-03
Next sampling location (x_next):
  9.9981865E-01

Iteration time [s]:        5.268
Cumulated time [s]:       24.037


--------------------------------------------------------------------------------
                                  ITERATION 12                                  
--------------------------------------------------------------------------------
| Acquiring more data
| Evaluating objective function at x = 9.998E-01
| Objective function evaluated, time [s]        0.000
| Updating GP model
| Calculating minimum prediction and other iteration quantities
| Looking for next sampling location
| Triggered pure exploration data acquiring due to overconfident model

| -Iteration summary-
Data acquisitions added to dataset (x y):
  9.9981865E-01      -1.9999976E+00
Total ensemble size: 15
Best acquisition (x_best y_best):
  9.9981865E-01      -1.9999976E+00
GP model hyperparameters (variance lengthscales):
 6.042E+01      1.282E-01
Global minimum prediction (x_hat mu_hat +- nu_hat):
  9.9981434E-01      -1.9999719E+00  4.8156802E-09
Measures of convergence (dx_hat dmu_hat):
 1.380E-06 2.387E-05
Next sampling location (x_next):
  8.4079249E-01

Iteration time [s]:        3.021
Cumulated time [s]:       27.062


--------------------------------------------------------------------------------
                                  ITERATION 13                                  
--------------------------------------------------------------------------------
| Acquiring more data
| Evaluating objective function at x = 8.408E-01
| Objective function evaluated, time [s]        0.000
| Updating GP model
| Calculating minimum prediction and other iteration quantities
| Looking for next sampling location

| -Iteration summary-
Data acquisitions added to dataset (x y):
  8.4079249E-01       4.7016462E+00
Total ensemble size: 16
Best acquisition (x_best y_best):
  9.9981865E-01      -1.9999976E+00
GP model hyperparameters (variance lengthscales):
 6.042E+01      1.282E-01
Global minimum prediction (x_hat mu_hat +- nu_hat):
  1.0002361E+00      -2.0000160E+00  4.7721097E-09
Measures of convergence (dx_hat dmu_hat):
 4.217E-04 4.410E-05
Next sampling location (x_next):
  1.0002266E+00

Iteration time [s]:        4.425
Cumulated time [s]:       31.492


--------------------------------------------------------------------------------
                                  ITERATION 14                                  
--------------------------------------------------------------------------------
| Acquiring more data
| Evaluating objective function at x = 1.000E+00
| Objective function evaluated, time [s]        0.000
| Updating GP model
| Calculating minimum prediction and other iteration quantities
| Looking for next sampling location

| -Iteration summary-
Data acquisitions added to dataset (x y):
  1.0002266E+00      -1.9999963E+00
Total ensemble size: 17
Best acquisition (x_best y_best):
  9.9981865E-01      -1.9999976E+00
GP model hyperparameters (variance lengthscales):
 6.042E+01      1.282E-01
Global minimum prediction (x_hat mu_hat +- nu_hat):
  1.0002363E+00      -2.0000096E+00  3.2304949E-09
Measures of convergence (dx_hat dmu_hat):
 2.240E-07 6.360E-06
Next sampling location (x_next):
  1.0017552E+00

Iteration time [s]:        4.998
Cumulated time [s]:       36.495


--------------------------------------------------------------------------------
                                  ITERATION 15                                  
--------------------------------------------------------------------------------
| Acquiring more data
| Evaluating objective function at x = 1.002E+00
| Objective function evaluated, time [s]        0.000
| Updating GP model
| Optimising GP model
| Calculating minimum prediction and other iteration quantities
| Looking for next sampling location
| Triggered pure exploration data acquiring due to overconfident model

| -Iteration summary-
Data acquisitions added to dataset (x y):
  1.0017552E+00      -1.9997809E+00
Total ensemble size: 18
Best acquisition (x_best y_best):
  9.9981865E-01      -1.9999976E+00
GP model hyperparameters (variance lengthscales):
 2.180E+02      1.148E-01
Global minimum prediction (x_hat mu_hat +- nu_hat):
  1.0002121E+00      -2.0000117E+00  2.5050379E-09
Measures of convergence (dx_hat dmu_hat):
 2.423E-05 2.003E-06
Next sampling location (x_next):
  1.5281229E+00

Iteration time [s]:        4.327
Cumulated time [s]:       40.826


--------------------------------------------------------------------------------
                                  ITERATION 16                                  
--------------------------------------------------------------------------------
| Acquiring more data
| Evaluating objective function at x = 1.528E+00
| Objective function evaluated, time [s]        0.000
| Updating GP model
| Calculating minimum prediction and other iteration quantities
| Looking for next sampling location

| -Iteration summary-
Data acquisitions added to dataset (x y):
  1.5281229E+00      -3.0179590E-01
Total ensemble size: 19
Best acquisition (x_best y_best):
  9.9981865E-01      -1.9999976E+00
GP model hyperparameters (variance lengthscales):
 2.180E+02      1.148E-01
Global minimum prediction (x_hat mu_hat +- nu_hat):
  1.0002014E+00      -2.0000108E+00  2.4985861E-09
Measures of convergence (dx_hat dmu_hat):
 1.061E-05 8.783E-07
Next sampling location (x_next):
  1.0001487E+00

Iteration time [s]:        5.286
Cumulated time [s]:       46.116


--------------------------------------------------------------------------------
                                  ITERATION 17                                  
--------------------------------------------------------------------------------
| Acquiring more data
| Evaluating objective function at x = 1.000E+00
| Objective function evaluated, time [s]        0.000
| Updating GP model
| Calculating minimum prediction and other iteration quantities
| Looking for next sampling location

| -Iteration summary-
Data acquisitions added to dataset (x y):
  1.0001487E+00      -1.9999984E+00
Total ensemble size: 20
Best acquisition (x_best y_best):
  1.0001487E+00      -1.9999984E+00
GP model hyperparameters (variance lengthscales):
 2.180E+02      1.148E-01
Global minimum prediction (x_hat mu_hat +- nu_hat):
  1.0002015E+00      -2.0000083E+00  1.9980230E-09
Measures of convergence (dx_hat dmu_hat):
 2.724E-08 2.427E-06
Next sampling location (x_next):
  1.0003031E+00

Iteration time [s]:        6.186
Cumulated time [s]:       52.306


--------------------------------------------------------------------------------
                                  ITERATION 18                                  
--------------------------------------------------------------------------------
| Acquiring more data
| Evaluating objective function at x = 1.000E+00
| Objective function evaluated, time [s]        0.000
| Updating GP model
| Calculating minimum prediction and other iteration quantities
| Looking for next sampling location
| Triggered pure exploration data acquiring due to overconfident model

| -Iteration summary-
Data acquisitions added to dataset (x y):
  1.0003031E+00      -1.9999934E+00
Total ensemble size: 21
Best acquisition (x_best y_best):
  1.0001487E+00      -1.9999984E+00
GP model hyperparameters (variance lengthscales):
 2.180E+02      1.148E-01
Global minimum prediction (x_hat mu_hat +- nu_hat):
  1.0002018E+00      -2.0000060E+00  1.6670238E-09
Measures of convergence (dx_hat dmu_hat):
 3.598E-07 2.384E-06
Next sampling location (x_next):
  1.4136516E+00

Iteration time [s]:        5.356
Cumulated time [s]:       57.665


--------------------------------------------------------------------------------
                                  ITERATION 19                                  
--------------------------------------------------------------------------------
| Acquiring more data
| Evaluating objective function at x = 1.414E+00
| Objective function evaluated, time [s]        0.000
| Updating GP model
| Calculating minimum prediction and other iteration quantities
| Looking for next sampling location

| -Iteration summary-
Data acquisitions added to dataset (x y):
  1.4136516E+00      -4.6979435E-01
Total ensemble size: 22
Best acquisition (x_best y_best):
  1.0001487E+00      -1.9999984E+00
GP model hyperparameters (variance lengthscales):
 2.180E+02      1.148E-01
Global minimum prediction (x_hat mu_hat +- nu_hat):
  1.0001767E+00      -2.0000046E+00  1.6627889E-09
Measures of convergence (dx_hat dmu_hat):
 2.518E-05 1.330E-06
Next sampling location (x_next):
  1.0002363E+00

Iteration time [s]:        5.075
Cumulated time [s]:       62.745


--------------------------------------------------------------------------------
                                  ITERATION 20                                  
--------------------------------------------------------------------------------
| Acquiring more data
| Evaluating objective function at x = 1.000E+00
| Objective function evaluated, time [s]        0.000
| Updating GP model
| Optimising GP model
| Calculating minimum prediction and other iteration quantities
| Looking for next sampling location

| -Iteration summary-
Data acquisitions added to dataset (x y):
  1.0002363E+00      -1.9999960E+00
Total ensemble size: 23
Best acquisition (x_best y_best):
  1.0001487E+00      -1.9999984E+00
GP model hyperparameters (variance lengthscales):
 6.684E+03      1.792E-01
Global minimum prediction (x_hat mu_hat +- nu_hat):
  1.0001148E+00      -1.9999930E+00  1.4052598E-09
Measures of convergence (dx_hat dmu_hat):
 6.187E-05 1.164E-05
Next sampling location (x_next):
  1.0013036E+00

Iteration time [s]:        8.114
Cumulated time [s]:       70.862

| Stopped BO due to maximum number of iterations reached
| Bayesian optimisation completed, time [s]       70.554

| Starting post-processing...

--------------------------------------------------------------------------------
                                POST-PROCESSING                                 
--------------------------------------------------------------------------------
| Post-processing iteration 0
| Post-processing iteration 1
| Post-processing iteration 2
| Post-processing iteration 3
| Post-processing iteration 4
| Post-processing iteration 5
| Post-processing iteration 6
| Post-processing iteration 7
| Post-processing iteration 8
| Post-processing iteration 9
| Post-processing iteration 10
| Post-processing iteration 11
| Post-processing iteration 12
| Post-processing iteration 13
| Post-processing iteration 14
| Post-processing iteration 15
| Post-processing iteration 16
| Post-processing iteration 17
| Post-processing iteration 18
| Post-processing iteration 19
| Post-processing iteration 20
| Dumping and plotting true function
| Replotting 1D models with true function
| Post-processing completed, time [s]       13.070


--------------------------------------------------------------------------------
                        BOSS is done! Have a nice day :)                        

      Datetime 28-08-2018 15:27:49          Cumulated time [s]       83.942     
--------------------------------------------------------------------------------
