
-----------------------------   Welcome to ....   ------------------------------
                      _______  _______ _______ _______ 
                     |   _   \|   _   |   _   |   _   |
                     |.  1   /|.  |   |   1___|   1___|
                     |.  _   \|.  |   |____   |____   |
                     |:  1    |:  1   |:  1   |:  1   |
                     |::.. .  |::.. . |::.. . |::.. . |
                     `-------'`-------`-------`-------'

                              28-08-2018 15:28:57                               
--------------------------------------------------------------------------------

| BOSS input file found at: input_files/2dPeriodic

--------------------------------------------------------------------------------
                                   INPUT FILE                                   
--------------------------------------------------------------------------------
user_fn              user_functions/NDPeriodic.py
var_bounds           -0.5 0.5; -0.5 0.5
kernel               stdp
y_range              -1 1
init_iter            15
bo_iter              15
verbosity            2

pp_truef_npts        30
pp_local_minima      30

--------------------------------------------------------------------------------
                             FOLLOWING OPTIONS SET                              
--------------------------------------------------------------------------------
| file handling
inputfile = input_files/2dPeriodic
user_fn   = user_functions/NDPeriodic.py
outfile   = boss.out
rstfile   = boss.rst

| main options
var_bounds  = -5.000E-01 5.000E-01;    -5.000E-01 5.000E-01
kernel      = stdp stdp
y_range     = -1.000E+00 1.000E+00
init_choice = sobol
init_iter   = 15   bo_iter = 15
verbosity   = 2

| data acquisitions
acq_func     = <class 'boss.bo.acq.acqfuncs.ELCB'>
confidence_tol       = 5.000E-03
acquisition_dist_tol = 5.000E-02

| GP hyperparameters
noise       = 1.000E-12
Kvar_init   = 1.000E+00
Kvar_bounds = 1.000E-03 1.000E+03
Kls_init    = 3.142E-01 3.142E-01
Kls_bounds  = 3.142E-03 3.142E+01;    3.142E-03 3.142E+01
Kprior           = None
Kvar_prior_param = 1.000E-03 1.000E+03
Kls_prior_param  = none

| hyperparameter optimisation
hyperopt_interval = 5    hyperopt_at0      = True
hyperopt_start    = 5    hyperopt_restarts = 5

| postprocessing
pp_models         = True
pp_acq_funcs      = False
pp_truef_npts     = 30
pp_m_slice        = 0 1 25
pp_truef_at_xhats = False
pp_local_minima   = 30

| Initialising GP model

--------------------------------------------------------------------------------
                                 INITIALISATION                                 
--------------------------------------------------------------------------------
| Processing initial data
| Evaluating objective function at x = 0.000E+00 0.000E+00
| Objective function evaluated, time [s]        0.000
| Evaluating objective function at x = 2.500E-01 -2.500E-01
| Objective function evaluated, time [s]        0.000
| Evaluating objective function at x = -2.500E-01 2.500E-01
| Objective function evaluated, time [s]        0.000
| Evaluating objective function at x = -1.250E-01 -1.250E-01
| Objective function evaluated, time [s]        0.000
| Evaluating objective function at x = 3.750E-01 3.750E-01
| Objective function evaluated, time [s]        0.000
| Evaluating objective function at x = 1.250E-01 -3.750E-01
| Objective function evaluated, time [s]        0.000
| Evaluating objective function at x = -3.750E-01 1.250E-01
| Objective function evaluated, time [s]        0.000
| Evaluating objective function at x = -3.125E-01 -1.875E-01
| Objective function evaluated, time [s]        0.000
| Evaluating objective function at x = 1.875E-01 3.125E-01
| Objective function evaluated, time [s]        0.000
| Evaluating objective function at x = 4.375E-01 -4.375E-01
| Objective function evaluated, time [s]        0.000
| Evaluating objective function at x = -6.250E-02 6.250E-02
| Objective function evaluated, time [s]        0.000
| Evaluating objective function at x = -1.875E-01 -3.125E-01
| Objective function evaluated, time [s]        0.000
| Evaluating objective function at x = 3.125E-01 1.875E-01
| Objective function evaluated, time [s]        0.000
| Evaluating objective function at x = 6.250E-02 -6.250E-02
| Objective function evaluated, time [s]        0.000
| Evaluating objective function at x = -4.375E-01 4.375E-01
| Objective function evaluated, time [s]        0.000
| Creating GP model
| Optimising GP model
| Calculating minimum prediction and other iteration quantities
| Looking for next sampling location

| -Initialisation summary-
Data acquisitions added to dataset (x y):
  0.0000000E+00  0.0000000E+00       7.0807342E-01
  2.5000000E-01 -2.5000000E-01      -2.9192658E-01
 -2.5000000E-01  2.5000000E-01      -2.9192658E-01
 -1.2500000E-01 -1.2500000E-01       4.5351287E-02
  3.7500000E-01  3.7500000E-01       4.5351287E-02
  1.2500000E-01 -3.7500000E-01      -9.5464871E-01
 -3.7500000E-01  1.2500000E-01      -9.5464871E-01
 -3.1250000E-01 -1.8750000E-01       1.4547997E-01
  1.8750000E-01  3.1250000E-01       1.4547997E-01
  4.3750000E-01 -4.3750000E-01       5.6162681E-01
 -6.2500000E-02  6.2500000E-02       5.6162681E-01
 -1.8750000E-01 -3.1250000E-01       1.4547997E-01
  3.1250000E-01  1.8750000E-01       1.4547997E-01
  6.2500000E-02 -6.2500000E-02       5.6162681E-01
 -4.3750000E-01  4.3750000E-01       5.6162681E-01
Total ensemble size: 15
Best acquisition (x_best y_best):
  1.2500000E-01 -3.7500000E-01      -9.5464871E-01
GP model hyperparameters (variance lengthscales):
 2.326E-01      3.995E-01 3.995E-01
Global minimum prediction (x_hat mu_hat +- nu_hat):
 -3.7531498E-01  1.2357764E-01      -9.5472310E-01  2.3491812E-05
Measures of convergence (dx_hat dmu_hat):
    none    none
Next sampling location (x_next):
 -4.7310345E-01  2.6782952E-02

Iteration time [s]:        1.550
Cumulated time [s]:        1.581

| Initialisation completed, time [s]        1.555
| Starting Bayesian optimisation

--------------------------------------------------------------------------------
                                  ITERATION 1                                   
--------------------------------------------------------------------------------
| Acquiring more data
| Evaluating objective function at x = -4.731E-01 2.678E-02
| Objective function evaluated, time [s]        0.000
| Updating GP model
| Calculating minimum prediction and other iteration quantities
| Looking for next sampling location

| -Iteration summary-
Data acquisitions added to dataset (x y):
 -4.7310345E-01  2.6782952E-02      -8.4680251E-01
Total ensemble size: 16
Best acquisition (x_best y_best):
  1.2500000E-01 -3.7500000E-01      -9.5464871E-01
GP model hyperparameters (variance lengthscales):
 2.326E-01      3.995E-01 3.995E-01
Global minimum prediction (x_hat mu_hat +- nu_hat):
 -4.1032758E-01  8.9109162E-02      -1.0112268E+00  7.3572323E-03
Measures of convergence (dx_hat dmu_hat):
 4.913E-02 5.650E-02
Next sampling location (x_next):
  2.5853959E-02 -4.7403390E-01

Iteration time [s]:        1.096
Cumulated time [s]:        2.684


--------------------------------------------------------------------------------
                                  ITERATION 2                                   
--------------------------------------------------------------------------------
| Acquiring more data
| Evaluating objective function at x = 2.585E-02 -4.740E-01
| Objective function evaluated, time [s]        0.000
| Updating GP model
| Calculating minimum prediction and other iteration quantities
| Looking for next sampling location

| -Iteration summary-
Data acquisitions added to dataset (x y):
  2.5853959E-02 -4.7403390E-01      -8.4257090E-01
Total ensemble size: 17
Best acquisition (x_best y_best):
  1.2500000E-01 -3.7500000E-01      -9.5464871E-01
GP model hyperparameters (variance lengthscales):
 2.326E-01      3.995E-01 3.995E-01
Global minimum prediction (x_hat mu_hat +- nu_hat):
 -4.1024136E-01  8.9177066E-02      -1.0114861E+00  7.3401538E-03
Measures of convergence (dx_hat dmu_hat):
 1.097E-04 2.593E-04
Next sampling location (x_next):
  2.0515440E-02 -3.3097379E-01

Iteration time [s]:        1.094
Cumulated time [s]:        3.782


--------------------------------------------------------------------------------
                                  ITERATION 3                                   
--------------------------------------------------------------------------------
| Acquiring more data
| Evaluating objective function at x = 2.052E-02 -3.310E-01
| Objective function evaluated, time [s]        0.000
| Updating GP model
| Calculating minimum prediction and other iteration quantities
| Looking for next sampling location

| -Iteration summary-
Data acquisitions added to dataset (x y):
  2.0515440E-02 -3.3097379E-01      -7.9705644E-01
Total ensemble size: 18
Best acquisition (x_best y_best):
  1.2500000E-01 -3.7500000E-01      -9.5464871E-01
GP model hyperparameters (variance lengthscales):
 2.326E-01      3.995E-01 3.995E-01
Global minimum prediction (x_hat mu_hat +- nu_hat):
  7.6602854E-02 -3.9816425E-01      -1.0261940E+00  7.0045100E-03
Measures of convergence (dx_hat dmu_hat):
 6.889E-01 1.471E-02
Next sampling location (x_next):
 -3.3111684E-01  2.0097558E-02

Iteration time [s]:        1.153
Cumulated time [s]:        4.939


--------------------------------------------------------------------------------
                                  ITERATION 4                                   
--------------------------------------------------------------------------------
| Acquiring more data
| Evaluating objective function at x = -3.311E-01 2.010E-02
| Objective function evaluated, time [s]        0.000
| Updating GP model
| Calculating minimum prediction and other iteration quantities
| Looking for next sampling location

| -Iteration summary-
Data acquisitions added to dataset (x y):
 -3.3111684E-01  2.0097558E-02      -7.9644605E-01
Total ensemble size: 19
Best acquisition (x_best y_best):
  1.2500000E-01 -3.7500000E-01      -9.5464871E-01
GP model hyperparameters (variance lengthscales):
 2.326E-01      3.995E-01 3.995E-01
Global minimum prediction (x_hat mu_hat +- nu_hat):
 -3.9818491E-01  7.6414574E-02      -1.0266246E+00  6.8717565E-03
Measures of convergence (dx_hat dmu_hat):
 6.713E-01 4.305E-04
Next sampling location (x_next):
  1.7812984E-01 -4.8772983E-01

Iteration time [s]:        1.384
Cumulated time [s]:        6.326


--------------------------------------------------------------------------------
                                  ITERATION 5                                   
--------------------------------------------------------------------------------
| Acquiring more data
| Evaluating objective function at x = 1.781E-01 -4.877E-01
| Objective function evaluated, time [s]        0.000
| Updating GP model
| Optimising GP model
| Calculating minimum prediction and other iteration quantities
| Looking for next sampling location

| -Iteration summary-
Data acquisitions added to dataset (x y):
  1.7812984E-01 -4.8772983E-01      -7.5144381E-01
Total ensemble size: 20
Best acquisition (x_best y_best):
  1.2500000E-01 -3.7500000E-01      -9.5464871E-01
GP model hyperparameters (variance lengthscales):
 1.000E+03      5.969E+00 5.956E+00
Global minimum prediction (x_hat mu_hat +- nu_hat):
 -4.0915304E-01  9.0843006E-02      -1.0000004E+00  7.2958543E-06
Measures of convergence (dx_hat dmu_hat):
 1.812E-02 2.662E-02
Next sampling location (x_next):
  8.9080452E-02 -4.1119658E-01

Iteration time [s]:        6.018
Cumulated time [s]:       12.347


--------------------------------------------------------------------------------
                                  ITERATION 6                                   
--------------------------------------------------------------------------------
| Acquiring more data
| Evaluating objective function at x = 8.908E-02 -4.112E-01
| Objective function evaluated, time [s]        0.000
| Updating GP model
| Calculating minimum prediction and other iteration quantities
| Looking for next sampling location

| -Iteration summary-
Data acquisitions added to dataset (x y):
  8.9080452E-02 -4.1119658E-01      -9.9985626E-01
Total ensemble size: 21
Best acquisition (x_best y_best):
  8.9080452E-02 -4.1119658E-01      -9.9985626E-01
GP model hyperparameters (variance lengthscales):
 1.000E+03      5.969E+00 5.956E+00
Global minimum prediction (x_hat mu_hat +- nu_hat):
 -4.0915307E-01  9.0842976E-02      -1.0000006E+00  2.7383382E-07
Measures of convergence (dx_hat dmu_hat):
 4.546E-08 1.399E-07
Next sampling location (x_next):
 -4.0974397E-01  9.0677839E-02

Iteration time [s]:        7.837
Cumulated time [s]:       20.187


--------------------------------------------------------------------------------
                                  ITERATION 7                                   
--------------------------------------------------------------------------------
| Acquiring more data
| Evaluating objective function at x = -4.097E-01 9.068E-02
| Objective function evaluated, time [s]        0.000
| Updating GP model
| Calculating minimum prediction and other iteration quantities
| Looking for next sampling location

| -Iteration summary-
Data acquisitions added to dataset (x y):
 -4.0974397E-01  9.0677839E-02      -9.9999260E-01
Total ensemble size: 22
Best acquisition (x_best y_best):
 -4.0974397E-01  9.0677839E-02      -9.9999260E-01
GP model hyperparameters (variance lengthscales):
 1.000E+03      5.969E+00 5.956E+00
Global minimum prediction (x_hat mu_hat +- nu_hat):
 -4.0915290E-01  9.0843024E-02      -1.0000001E+00  9.5142009E-09
Measures of convergence (dx_hat dmu_hat):
 1.832E-07 5.046E-07
Next sampling location (x_next):
 -4.0953231E-01  9.0943297E-02

Iteration time [s]:        7.982
Cumulated time [s]:       28.174


--------------------------------------------------------------------------------
                                  ITERATION 8                                   
--------------------------------------------------------------------------------
| Acquiring more data
| Evaluating objective function at x = -4.095E-01 9.094E-02
| Objective function evaluated, time [s]        0.000
| Updating GP model
| Calculating minimum prediction and other iteration quantities
| Looking for next sampling location
| Triggered pure exploration data acquiring due to overconfident model

| -Iteration summary-
Data acquisitions added to dataset (x y):
 -4.0953231E-01  9.0943297E-02      -9.9999700E-01
Total ensemble size: 23
Best acquisition (x_best y_best):
 -4.0953231E-01  9.0943297E-02      -9.9999700E-01
GP model hyperparameters (variance lengthscales):
 1.000E+03      5.969E+00 5.956E+00
Global minimum prediction (x_hat mu_hat +- nu_hat):
 -4.0915290E-01  9.0843024E-02      -1.0000000E+00  4.8735042E-09
Measures of convergence (dx_hat dmu_hat):
 2.515E-09 6.829E-09
Next sampling location (x_next):
  1.3556460E-01  1.1425950E-01

Iteration time [s]:        5.028
Cumulated time [s]:       33.206


--------------------------------------------------------------------------------
                                  ITERATION 9                                   
--------------------------------------------------------------------------------
| Acquiring more data
| Evaluating objective function at x = 1.356E-01 1.143E-01
| Objective function evaluated, time [s]        0.000
| Updating GP model
| Calculating minimum prediction and other iteration quantities
| Looking for next sampling location

| -Iteration summary-
Data acquisitions added to dataset (x y):
  1.3556460E-01  1.1425950E-01       9.5040520E-01
Total ensemble size: 24
Best acquisition (x_best y_best):
 -4.0953231E-01  9.0943297E-02      -9.9999700E-01
GP model hyperparameters (variance lengthscales):
 1.000E+03      5.969E+00 5.956E+00
Global minimum prediction (x_hat mu_hat +- nu_hat):
 -4.0915283E-01  9.0842962E-02      -1.0000000E+00  4.8720262E-09
Measures of convergence (dx_hat dmu_hat):
 8.764E-08 1.067E-09
Next sampling location (x_next):
  9.0653699E-02 -4.0935481E-01

Iteration time [s]:        8.641
Cumulated time [s]:       41.851


--------------------------------------------------------------------------------
                                  ITERATION 10                                  
--------------------------------------------------------------------------------
| Acquiring more data
| Evaluating objective function at x = 9.065E-02 -4.094E-01
| Objective function evaluated, time [s]        0.000
| Updating GP model
| Optimising GP model
| Calculating minimum prediction and other iteration quantities
| Looking for next sampling location

| -Iteration summary-
Data acquisitions added to dataset (x y):
  9.0653699E-02 -4.0935481E-01      -9.9999849E-01
Total ensemble size: 25
Best acquisition (x_best y_best):
  9.0653699E-02 -4.0935481E-01      -9.9999849E-01
GP model hyperparameters (variance lengthscales):
 1.000E+03      6.298E+00 6.270E+00
Global minimum prediction (x_hat mu_hat +- nu_hat):
 -4.0915323E-01  9.0843348E-02      -1.0000000E+00  4.8237093E-09
Measures of convergence (dx_hat dmu_hat):
 5.555E-07 6.129E-09
Next sampling location (x_next):
 -4.0925147E-01  9.0790169E-02

Iteration time [s]:        9.846
Cumulated time [s]:       51.702


--------------------------------------------------------------------------------
                                  ITERATION 11                                  
--------------------------------------------------------------------------------
| Acquiring more data
| Evaluating objective function at x = -4.093E-01 9.079E-02
| Objective function evaluated, time [s]        0.000
| Updating GP model
| Calculating minimum prediction and other iteration quantities
| Looking for next sampling location

| -Iteration summary-
Data acquisitions added to dataset (x y):
 -4.0925147E-01  9.0790169E-02      -9.9999976E-01
Total ensemble size: 26
Best acquisition (x_best y_best):
 -4.0925147E-01  9.0790169E-02      -9.9999976E-01
GP model hyperparameters (variance lengthscales):
 1.000E+03      6.298E+00 6.270E+00
Global minimum prediction (x_hat mu_hat +- nu_hat):
 -4.0915323E-01  9.0843351E-02      -1.0000000E+00  3.2519888E-09
Measures of convergence (dx_hat dmu_hat):
 3.795E-09 1.232E-08
Next sampling location (x_next):
  9.0565539E-02 -4.0869062E-01

Iteration time [s]:        7.997
Cumulated time [s]:       59.703


--------------------------------------------------------------------------------
                                  ITERATION 12                                  
--------------------------------------------------------------------------------
| Acquiring more data
| Evaluating objective function at x = 9.057E-02 -4.087E-01
| Objective function evaluated, time [s]        0.000
| Updating GP model
| Calculating minimum prediction and other iteration quantities
| Looking for next sampling location

| -Iteration summary-
Data acquisitions added to dataset (x y):
  9.0565539E-02 -4.0869062E-01      -9.9999420E-01
Total ensemble size: 27
Best acquisition (x_best y_best):
 -4.0925147E-01  9.0790169E-02      -9.9999976E-01
GP model hyperparameters (variance lengthscales):
 1.000E+03      6.298E+00 6.270E+00
Global minimum prediction (x_hat mu_hat +- nu_hat):
 -4.0915323E-01  9.0843351E-02      -1.0000000E+00  3.2516478E-09
Measures of convergence (dx_hat dmu_hat):
 1.663E-10 1.000E-10
Next sampling location (x_next):
  9.0893541E-02 -4.0924918E-01

Iteration time [s]:       10.229
Cumulated time [s]:       69.936


--------------------------------------------------------------------------------
                                  ITERATION 13                                  
--------------------------------------------------------------------------------
| Acquiring more data
| Evaluating objective function at x = 9.089E-02 -4.092E-01
| Objective function evaluated, time [s]        0.000
| Updating GP model
| Calculating minimum prediction and other iteration quantities
| Looking for next sampling location
| Triggered pure exploration data acquiring due to overconfident model

| -Iteration summary-
Data acquisitions added to dataset (x y):
  9.0893541E-02 -4.0924918E-01      -9.9999978E-01
Total ensemble size: 28
Best acquisition (x_best y_best):
  9.0893541E-02 -4.0924918E-01      -9.9999978E-01
GP model hyperparameters (variance lengthscales):
 1.000E+03      6.298E+00 6.270E+00
Global minimum prediction (x_hat mu_hat +- nu_hat):
 -4.0915323E-01  9.0843351E-02      -1.0000000E+00  3.2513067E-09
Measures of convergence (dx_hat dmu_hat):
 2.516E-10 2.314E-11
Next sampling location (x_next):
 -5.0000000E-01 -2.7594813E-01

Iteration time [s]:        5.612
Cumulated time [s]:       75.553


--------------------------------------------------------------------------------
                                  ITERATION 14                                  
--------------------------------------------------------------------------------
| Acquiring more data
| Evaluating objective function at x = -5.000E-01 -2.759E-01
| Objective function evaluated, time [s]        0.000
| Updating GP model
| Calculating minimum prediction and other iteration quantities
| Looking for next sampling location

| -Iteration summary-
Data acquisitions added to dataset (x y):
 -5.0000000E-01 -2.7594813E-01       5.6355093E-01
Total ensemble size: 29
Best acquisition (x_best y_best):
  9.0893541E-02 -4.0924918E-01      -9.9999978E-01
GP model hyperparameters (variance lengthscales):
 1.000E+03      6.298E+00 6.270E+00
Global minimum prediction (x_hat mu_hat +- nu_hat):
 -4.0915324E-01  9.0843354E-02      -1.0000000E+00  3.2515341E-09
Measures of convergence (dx_hat dmu_hat):
 6.578E-09 2.529E-10
Next sampling location (x_next):
 -4.0887568E-01  9.1111936E-02

Iteration time [s]:       10.709
Cumulated time [s]:       86.265


--------------------------------------------------------------------------------
                                  ITERATION 15                                  
--------------------------------------------------------------------------------
| Acquiring more data
| Evaluating objective function at x = -4.089E-01 9.111E-02
| Objective function evaluated, time [s]        0.000
| Updating GP model
| Optimising GP model
| Calculating minimum prediction and other iteration quantities
| Looking for next sampling location

| -Iteration summary-
Data acquisitions added to dataset (x y):
 -4.0887568E-01  9.1111936E-02      -9.9999705E-01
Total ensemble size: 30
Best acquisition (x_best y_best):
  9.0893541E-02 -4.0924918E-01      -9.9999978E-01
GP model hyperparameters (variance lengthscales):
 1.000E+03      6.507E+00 6.252E+00
Global minimum prediction (x_hat mu_hat +- nu_hat):
 -4.0915334E-01  9.0843456E-02      -1.0000000E+00  2.4554988E-09
Measures of convergence (dx_hat dmu_hat):
 1.446E-07 8.087E-09
Next sampling location (x_next):
 -4.0841463E-01  9.1663465E-02

Iteration time [s]:       12.392
Cumulated time [s]:       98.661

| Stopped BO due to maximum number of iterations reached
| Bayesian optimisation completed, time [s]       97.080

| Starting post-processing...

--------------------------------------------------------------------------------
                                POST-PROCESSING                                 
--------------------------------------------------------------------------------
| Post-processing iteration 0
| Finding model local minima
| Post-processing iteration 1
| Finding model local minima
| Post-processing iteration 2
| Finding model local minima
| Post-processing iteration 3
| Finding model local minima
| Post-processing iteration 4
| Finding model local minima
| Post-processing iteration 5
| Finding model local minima
| Post-processing iteration 6
| Finding model local minima
| Post-processing iteration 7
| Finding model local minima
| Post-processing iteration 8
| Finding model local minima
| Post-processing iteration 9
| Finding model local minima
| Post-processing iteration 10
| Finding model local minima
| Post-processing iteration 11
| Finding model local minima
| Post-processing iteration 12
| Finding model local minima
| Post-processing iteration 13
| Finding model local minima
| Post-processing iteration 14
| Finding model local minima
| Post-processing iteration 15
| Finding model local minima
| Dumping and plotting true function
| Post-processing completed, time [s]       34.159


--------------------------------------------------------------------------------
                        BOSS is done! Have a nice day :)                        

      Datetime 28-08-2018 15:31:10          Cumulated time [s]      132.828     
--------------------------------------------------------------------------------
