
-----------------------------   Welcome to ....   ------------------------------
                      _______  _______ _______ _______ 
                     |   _   \|   _   |   _   |   _   |
                     |.  1   /|.  |   |   1___|   1___|
                     |.  _   \|.  |   |____   |____   |
                     |:  1    |:  1   |:  1   |:  1   |
                     |::.. .  |::.. . |::.. . |::.. . |
                     `-------'`-------`-------`-------'

                              28-08-2018 15:27:51                               
--------------------------------------------------------------------------------

| BOSS input file found at: input_files/SineCosine

--------------------------------------------------------------------------------
                                   INPUT FILE                                   
--------------------------------------------------------------------------------
user_fn              user_functions/SineCosine.py
var_bounds           -1.2 1.8
kernel               stdp
y_range              -2 2
init_iter            3
bo_iter              25
verbosity            2

hyperopt_at0         false
Kls_init             1.0

pp_truef_npts        30
pp_local_minima      30


--------------------------------------------------------------------------------
                             FOLLOWING OPTIONS SET                              
--------------------------------------------------------------------------------
| file handling
inputfile = input_files/SineCosine
user_fn   = user_functions/SineCosine.py
outfile   = boss.out
rstfile   = boss.rst

| main options
var_bounds  = -1.200E+00 1.800E+00
kernel      = stdp
y_range     = -2.000E+00 2.000E+00
init_choice = sobol
init_iter   = 3   bo_iter = 25
verbosity   = 2

| data acquisitions
acq_func     = <class 'boss.bo.acq.acqfuncs.ELCB'>
confidence_tol       = 5.000E-03
acquisition_dist_tol = 5.000E-02

| GP hyperparameters
noise       = 1.000E-12
Kvar_init   = 2.000E+00
Kvar_bounds = 2.000E-03 2.000E+03
Kls_init    = 1.000E+00
Kls_bounds  = 1.000E-02 1.000E+02
Kprior           = None
Kvar_prior_param = 2.000E-03 2.000E+03
Kls_prior_param  = none

| hyperparameter optimisation
hyperopt_interval = 5    hyperopt_at0      = False
hyperopt_start    = 5    hyperopt_restarts = 5

| postprocessing
pp_models         = True
pp_acq_funcs      = False
pp_truef_npts     = 30
pp_m_slice        = 0 0 50
pp_truef_at_xhats = False
pp_local_minima   = 30

| Initialising GP model

--------------------------------------------------------------------------------
                                 INITIALISATION                                 
--------------------------------------------------------------------------------
| Processing initial data
| Evaluating objective function at x = 3.000E-01
| Objective function evaluated, time [s]        0.000
| Evaluating objective function at x = 1.050E+00
| Objective function evaluated, time [s]        0.000
| Evaluating objective function at x = -4.500E-01
| Objective function evaluated, time [s]        0.000
| Creating GP model
| Calculating minimum prediction and other iteration quantities
| Looking for next sampling location

| -Initialisation summary-
Data acquisitions added to dataset (x y):
  3.0000000E-01       1.2600735E+00
  1.0500000E+00      -3.8857806E-16
 -4.5000000E-01      -6.1803399E-01
Total ensemble size: 3
Best acquisition (x_best y_best):
 -4.5000000E-01      -6.1803399E-01
GP model hyperparameters (variance lengthscales):
 2.000E+00      1.000E+00
Global minimum prediction (x_hat mu_hat +- nu_hat):
 -1.0009467E+00      -1.3122432E+00  2.5245870E-01
Measures of convergence (dx_hat dmu_hat):
    none    none
Next sampling location (x_next):
 -1.1317751E+00

Iteration time [s]:        0.096
Cumulated time [s]:        0.131

| Initialisation completed, time [s]        0.102
| Starting Bayesian optimisation

--------------------------------------------------------------------------------
                                  ITERATION 1                                   
--------------------------------------------------------------------------------
| Acquiring more data
| Evaluating objective function at x = -1.132E+00
| Objective function evaluated, time [s]        0.000
| Updating GP model
| Calculating minimum prediction and other iteration quantities
| Looking for next sampling location

| -Iteration summary-
Data acquisitions added to dataset (x y):
 -1.1317751E+00      -7.0818242E-01
Total ensemble size: 4
Best acquisition (x_best y_best):
 -1.1317751E+00      -7.0818242E-01
GP model hyperparameters (variance lengthscales):
 2.000E+00      1.000E+00
Global minimum prediction (x_hat mu_hat +- nu_hat):
 -7.5412191E-01      -8.9742409E-01  1.9534351E-02
Measures of convergence (dx_hat dmu_hat):
 2.468E-01 4.148E-01
Next sampling location (x_next):
  1.5199833E+00

Iteration time [s]:        0.092
Cumulated time [s]:        0.232


--------------------------------------------------------------------------------
                                  ITERATION 2                                   
--------------------------------------------------------------------------------
| Acquiring more data
| Evaluating objective function at x = 1.520E+00
| Objective function evaluated, time [s]        0.000
| Updating GP model
| Calculating minimum prediction and other iteration quantities
| Looking for next sampling location

| -Iteration summary-
Data acquisitions added to dataset (x y):
  1.5199833E+00       8.7126930E-01
Total ensemble size: 5
Best acquisition (x_best y_best):
 -1.1317751E+00      -7.0818242E-01
GP model hyperparameters (variance lengthscales):
 2.000E+00      1.000E+00
Global minimum prediction (x_hat mu_hat +- nu_hat):
 -8.0008965E-01      -1.8007063E+00  4.9011862E-03
Measures of convergence (dx_hat dmu_hat):
 4.597E-02 9.033E-01
Next sampling location (x_next):
 -7.9215935E-01

Iteration time [s]:        0.202
Cumulated time [s]:        0.439


--------------------------------------------------------------------------------
                                  ITERATION 3                                   
--------------------------------------------------------------------------------
| Acquiring more data
| Evaluating objective function at x = -7.922E-01
| Objective function evaluated, time [s]        0.000
| Updating GP model
| Calculating minimum prediction and other iteration quantities
| Looking for next sampling location

| -Iteration summary-
Data acquisitions added to dataset (x y):
 -7.9215935E-01      -1.9327295E-02
Total ensemble size: 6
Best acquisition (x_best y_best):
 -1.1317751E+00      -7.0818242E-01
GP model hyperparameters (variance lengthscales):
 2.000E+00      1.000E+00
Global minimum prediction (x_hat mu_hat +- nu_hat):
 -2.4744467E-01      -1.1267306E+00  2.3794865E-03
Measures of convergence (dx_hat dmu_hat):
 5.526E-01 6.740E-01
Next sampling location (x_next):
 -2.2581820E-01

Iteration time [s]:        0.157
Cumulated time [s]:        0.599


--------------------------------------------------------------------------------
                                  ITERATION 4                                   
--------------------------------------------------------------------------------
| Acquiring more data
| Evaluating objective function at x = -2.258E-01
| Objective function evaluated, time [s]        0.000
| Updating GP model
| Calculating minimum prediction and other iteration quantities
| Looking for next sampling location

| -Iteration summary-
Data acquisitions added to dataset (x y):
 -2.2581820E-01      -4.0347043E-01
Total ensemble size: 7
Best acquisition (x_best y_best):
 -1.1317751E+00      -7.0818242E-01
GP model hyperparameters (variance lengthscales):
 2.000E+00      1.000E+00
Global minimum prediction (x_hat mu_hat +- nu_hat):
 -1.1266680E+00      -7.0856368E-01  5.0676781E-08
Measures of convergence (dx_hat dmu_hat):
 8.792E-01 4.182E-01
Next sampling location (x_next):
  7.6599127E-01

Iteration time [s]:        0.146
Cumulated time [s]:        0.750


--------------------------------------------------------------------------------
                                  ITERATION 5                                   
--------------------------------------------------------------------------------
| Acquiring more data
| Evaluating objective function at x = 7.660E-01
| Objective function evaluated, time [s]        0.000
| Updating GP model
| Optimising GP model
| Calculating minimum prediction and other iteration quantities
| Looking for next sampling location

| -Iteration summary-
Data acquisitions added to dataset (x y):
  7.6599127E-01      -1.9927139E+00
Total ensemble size: 8
Best acquisition (x_best y_best):
  7.6599127E-01      -1.9927139E+00
GP model hyperparameters (variance lengthscales):
 9.174E-01      1.280E-01
Global minimum prediction (x_hat mu_hat +- nu_hat):
  7.6491687E-01      -1.9927935E+00  6.9077293E-05
Measures of convergence (dx_hat dmu_hat):
 1.892E+00 1.284E+00
Next sampling location (x_next):
  6.4734465E-01

Iteration time [s]:        0.448
Cumulated time [s]:        1.202


--------------------------------------------------------------------------------
                                  ITERATION 6                                   
--------------------------------------------------------------------------------
| Acquiring more data
| Evaluating objective function at x = 6.473E-01
| Objective function evaluated, time [s]        0.000
| Updating GP model
| Calculating minimum prediction and other iteration quantities
| Looking for next sampling location
| Triggered pure exploration data acquiring due to overconfident model

| -Iteration summary-
Data acquisitions added to dataset (x y):
  6.4734465E-01      -1.7080632E+00
Total ensemble size: 9
Best acquisition (x_best y_best):
  7.6599127E-01      -1.9927139E+00
GP model hyperparameters (variance lengthscales):
 9.174E-01      1.280E-01
Global minimum prediction (x_hat mu_hat +- nu_hat):
  7.3011389E-01      -2.0654819E+00  1.7285135E-02
Measures of convergence (dx_hat dmu_hat):
 3.480E-02 7.269E-02
Next sampling location (x_next):
  3.7651330E-02

Iteration time [s]:        0.203
Cumulated time [s]:        1.409


--------------------------------------------------------------------------------
                                  ITERATION 7                                   
--------------------------------------------------------------------------------
| Acquiring more data
| Evaluating objective function at x = 3.765E-02
| Objective function evaluated, time [s]        0.000
| Updating GP model
| Calculating minimum prediction and other iteration quantities
| Looking for next sampling location

| -Iteration summary-
Data acquisitions added to dataset (x y):
  3.7651330E-02       1.2219588E+00
Total ensemble size: 10
Best acquisition (x_best y_best):
  7.6599127E-01      -1.9927139E+00
GP model hyperparameters (variance lengthscales):
 9.174E-01      1.280E-01
Global minimum prediction (x_hat mu_hat +- nu_hat):
  7.3023358E-01      -2.0649311E+00  1.7214740E-02
Measures of convergence (dx_hat dmu_hat):
 1.197E-04 5.507E-04
Next sampling location (x_next):
 -6.0731978E-01

Iteration time [s]:        0.233
Cumulated time [s]:        1.646


--------------------------------------------------------------------------------
                                  ITERATION 8                                   
--------------------------------------------------------------------------------
| Acquiring more data
| Evaluating objective function at x = -6.073E-01
| Objective function evaluated, time [s]        0.000
| Updating GP model
| Calculating minimum prediction and other iteration quantities
| Looking for next sampling location

| -Iteration summary-
Data acquisitions added to dataset (x y):
 -6.0731978E-01      -2.0229749E-01
Total ensemble size: 11
Best acquisition (x_best y_best):
  7.6599127E-01      -1.9927139E+00
GP model hyperparameters (variance lengthscales):
 9.174E-01      1.280E-01
Global minimum prediction (x_hat mu_hat +- nu_hat):
  7.3023354E-01      -2.0649313E+00  1.7214764E-02
Measures of convergence (dx_hat dmu_hat):
 4.029E-08 1.849E-07
Next sampling location (x_next):
  8.7231922E-01

Iteration time [s]:        0.268
Cumulated time [s]:        1.919


--------------------------------------------------------------------------------
                                  ITERATION 9                                   
--------------------------------------------------------------------------------
| Acquiring more data
| Evaluating objective function at x = 8.723E-01
| Objective function evaluated, time [s]        0.000
| Updating GP model
| Calculating minimum prediction and other iteration quantities
| Looking for next sampling location

| -Iteration summary-
Data acquisitions added to dataset (x y):
  8.7231922E-01      -1.5905016E+00
Total ensemble size: 12
Best acquisition (x_best y_best):
  7.6599127E-01      -1.9927139E+00
GP model hyperparameters (variance lengthscales):
 9.174E-01      1.280E-01
Global minimum prediction (x_hat mu_hat +- nu_hat):
  7.5250748E-01      -1.9972412E+00  1.1288807E-03
Measures of convergence (dx_hat dmu_hat):
 2.227E-02 6.769E-02
Next sampling location (x_next):
  5.2122537E-01

Iteration time [s]:        0.310
Cumulated time [s]:        2.233


--------------------------------------------------------------------------------
                                  ITERATION 10                                  
--------------------------------------------------------------------------------
| Acquiring more data
| Evaluating objective function at x = 5.212E-01
| Objective function evaluated, time [s]        0.000
| Updating GP model
| Optimising GP model
| Calculating minimum prediction and other iteration quantities
| Looking for next sampling location

| -Iteration summary-
Data acquisitions added to dataset (x y):
  5.2122537E-01      -7.0788880E-01
Total ensemble size: 13
Best acquisition (x_best y_best):
  7.6599127E-01      -1.9927139E+00
GP model hyperparameters (variance lengthscales):
 2.000E+03      1.564E+00
Global minimum prediction (x_hat mu_hat +- nu_hat):
  7.5000003E-01      -2.0000002E+00  7.3333463E-09
Measures of convergence (dx_hat dmu_hat):
 2.507E-03 2.759E-03
Next sampling location (x_next):
  8.6861060E-01

Iteration time [s]:        2.070
Cumulated time [s]:        4.308


--------------------------------------------------------------------------------
                                  ITERATION 11                                  
--------------------------------------------------------------------------------
| Acquiring more data
| Evaluating objective function at x = 8.686E-01
| Objective function evaluated, time [s]        0.000
| Updating GP model
| Calculating minimum prediction and other iteration quantities
| Looking for next sampling location

| -Iteration summary-
Data acquisitions added to dataset (x y):
  8.6861060E-01      -1.6140124E+00
Total ensemble size: 14
Best acquisition (x_best y_best):
  7.6599127E-01      -1.9927139E+00
GP model hyperparameters (variance lengthscales):
 2.000E+03      1.564E+00
Global minimum prediction (x_hat mu_hat +- nu_hat):
  7.5000004E-01      -2.0000002E+00  7.2944654E-09
Measures of convergence (dx_hat dmu_hat):
 9.956E-09 6.865E-09
Next sampling location (x_next):
  7.5004938E-01

Iteration time [s]:        0.947
Cumulated time [s]:        5.262


--------------------------------------------------------------------------------
                                  ITERATION 12                                  
--------------------------------------------------------------------------------
| Acquiring more data
| Evaluating objective function at x = 7.500E-01
| Objective function evaluated, time [s]        0.000
| Updating GP model
| Calculating minimum prediction and other iteration quantities
| Looking for next sampling location
| Triggered pure exploration data acquiring due to overconfident model

| -Iteration summary-
Data acquisitions added to dataset (x y):
  7.5004938E-01      -1.9999999E+00
Total ensemble size: 15
Best acquisition (x_best y_best):
  7.5004938E-01      -1.9999999E+00
GP model hyperparameters (variance lengthscales):
 2.000E+03      1.564E+00
Global minimum prediction (x_hat mu_hat +- nu_hat):
  7.5000004E-01      -2.0000001E+00  4.2192364E-09
Measures of convergence (dx_hat dmu_hat):
 4.184E-10 8.319E-08
Next sampling location (x_next):
  1.3500000E+00

Iteration time [s]:        1.899
Cumulated time [s]:        7.164


--------------------------------------------------------------------------------
                                  ITERATION 13                                  
--------------------------------------------------------------------------------
| Acquiring more data
| Evaluating objective function at x = 1.350E+00
| Objective function evaluated, time [s]        0.000
| Updating GP model
| Calculating minimum prediction and other iteration quantities
| Looking for next sampling location

| -Iteration summary-
Data acquisitions added to dataset (x y):
  1.3500000E+00       1.6180340E+00
Total ensemble size: 16
Best acquisition (x_best y_best):
  7.5004938E-01      -1.9999999E+00
GP model hyperparameters (variance lengthscales):
 2.000E+03      1.564E+00
Global minimum prediction (x_hat mu_hat +- nu_hat):
  7.5000000E-01      -2.0000000E+00  3.6987781E-09
Measures of convergence (dx_hat dmu_hat):
 4.448E-08 1.229E-07
Next sampling location (x_next):
  7.3327759E-01

Iteration time [s]:        1.875
Cumulated time [s]:        9.043


--------------------------------------------------------------------------------
                                  ITERATION 14                                  
--------------------------------------------------------------------------------
| Acquiring more data
| Evaluating objective function at x = 7.333E-01
| Objective function evaluated, time [s]        0.000
| Updating GP model
| Calculating minimum prediction and other iteration quantities
| Looking for next sampling location

| -Iteration summary-
Data acquisitions added to dataset (x y):
  7.3327759E-01      -1.9920330E+00
Total ensemble size: 17
Best acquisition (x_best y_best):
  7.5004938E-01      -1.9999999E+00
GP model hyperparameters (variance lengthscales):
 2.000E+03      1.564E+00
Global minimum prediction (x_hat mu_hat +- nu_hat):
  7.5000000E-01      -2.0000000E+00  2.6499033E-09
Measures of convergence (dx_hat dmu_hat):
 2.161E-10 2.500E-09
Next sampling location (x_next):
  7.4891129E-01

Iteration time [s]:        2.675
Cumulated time [s]:       11.722


--------------------------------------------------------------------------------
                                  ITERATION 15                                  
--------------------------------------------------------------------------------
| Acquiring more data
| Evaluating objective function at x = 7.489E-01
| Objective function evaluated, time [s]        0.000
| Updating GP model
| Optimising GP model
| Calculating minimum prediction and other iteration quantities
| Looking for next sampling location
| Triggered pure exploration data acquiring due to overconfident model

| -Iteration summary-
Data acquisitions added to dataset (x y):
  7.4891129E-01      -1.9999662E+00
Total ensemble size: 18
Best acquisition (x_best y_best):
  7.5004938E-01      -1.9999999E+00
GP model hyperparameters (variance lengthscales):
 2.000E+03      1.592E+00
Global minimum prediction (x_hat mu_hat +- nu_hat):
  7.5000000E-01      -2.0000000E+00  2.0878356E-09
Measures of convergence (dx_hat dmu_hat):
 1.835E-11 9.159E-10
Next sampling location (x_next):
  1.7250000E+00

Iteration time [s]:        2.752
Cumulated time [s]:       14.478


--------------------------------------------------------------------------------
                                  ITERATION 16                                  
--------------------------------------------------------------------------------
| Acquiring more data
| Evaluating objective function at x = 1.725E+00
| Objective function evaluated, time [s]        0.000
| Updating GP model
| Calculating minimum prediction and other iteration quantities
| Looking for next sampling location

| -Iteration summary-
Data acquisitions added to dataset (x y):
  1.7250000E+00      -3.9990309E-01
Total ensemble size: 19
Best acquisition (x_best y_best):
  7.5004938E-01      -1.9999999E+00
GP model hyperparameters (variance lengthscales):
 2.000E+03      1.592E+00
Global minimum prediction (x_hat mu_hat +- nu_hat):
  7.5000000E-01      -2.0000000E+00  2.0246257E-09
Measures of convergence (dx_hat dmu_hat):
 1.047E-09 3.309E-09
Next sampling location (x_next):
  7.4992110E-01

Iteration time [s]:        3.008
Cumulated time [s]:       17.490


--------------------------------------------------------------------------------
                                  ITERATION 17                                  
--------------------------------------------------------------------------------
| Acquiring more data
| Evaluating objective function at x = 7.499E-01
| Objective function evaluated, time [s]        0.000
| Updating GP model
| Calculating minimum prediction and other iteration quantities
| Looking for next sampling location

| -Iteration summary-
Data acquisitions added to dataset (x y):
  7.4992110E-01      -1.9999998E+00
Total ensemble size: 20
Best acquisition (x_best y_best):
  7.5004938E-01      -1.9999999E+00
GP model hyperparameters (variance lengthscales):
 2.000E+03      1.592E+00
Global minimum prediction (x_hat mu_hat +- nu_hat):
  7.5000000E-01      -2.0000000E+00  1.6837926E-09
Measures of convergence (dx_hat dmu_hat):
 1.373E-11 3.737E-10
Next sampling location (x_next):
  7.5182287E-01

Iteration time [s]:        2.908
Cumulated time [s]:       20.402


--------------------------------------------------------------------------------
                                  ITERATION 18                                  
--------------------------------------------------------------------------------
| Acquiring more data
| Evaluating objective function at x = 7.518E-01
| Objective function evaluated, time [s]        0.000
| Updating GP model
| Calculating minimum prediction and other iteration quantities
| Looking for next sampling location
| Triggered pure exploration data acquiring due to overconfident model

| -Iteration summary-
Data acquisitions added to dataset (x y):
  7.5182287E-01      -1.9999053E+00
Total ensemble size: 21
Best acquisition (x_best y_best):
  7.5004938E-01      -1.9999999E+00
GP model hyperparameters (variance lengthscales):
 2.000E+03      1.592E+00
Global minimum prediction (x_hat mu_hat +- nu_hat):
  7.5000000E-01      -2.0000000E+00  1.4430038E-09
Measures of convergence (dx_hat dmu_hat):
 3.050E-09 2.821E-10
Next sampling location (x_next):
 -9.9375000E-01

Iteration time [s]:        2.441
Cumulated time [s]:       22.848


--------------------------------------------------------------------------------
                                  ITERATION 19                                  
--------------------------------------------------------------------------------
| Acquiring more data
| Evaluating objective function at x = -9.938E-01
| Objective function evaluated, time [s]        0.000
| Updating GP model
| Calculating minimum prediction and other iteration quantities
| Looking for next sampling location

| -Iteration summary-
Data acquisitions added to dataset (x y):
 -9.9375000E-01      -4.8323875E-01
Total ensemble size: 22
Best acquisition (x_best y_best):
  7.5004938E-01      -1.9999999E+00
GP model hyperparameters (variance lengthscales):
 2.000E+03      1.592E+00
Global minimum prediction (x_hat mu_hat +- nu_hat):
  7.5000000E-01      -2.0000000E+00  1.4423217E-09
Measures of convergence (dx_hat dmu_hat):
 2.526E-13 1.829E-11
Next sampling location (x_next):
  7.4847042E-01

Iteration time [s]:        2.828
Cumulated time [s]:       25.680


--------------------------------------------------------------------------------
                                  ITERATION 20                                  
--------------------------------------------------------------------------------
| Acquiring more data
| Evaluating objective function at x = 7.485E-01
| Objective function evaluated, time [s]        0.000
| Updating GP model
| Optimising GP model
| Calculating minimum prediction and other iteration quantities
| Looking for next sampling location

| -Iteration summary-
Data acquisitions added to dataset (x y):
  7.4847042E-01      -1.9999333E+00
Total ensemble size: 23
Best acquisition (x_best y_best):
  7.5004938E-01      -1.9999999E+00
GP model hyperparameters (variance lengthscales):
 2.000E+03      1.610E+00
Global minimum prediction (x_hat mu_hat +- nu_hat):
  7.5000000E-01      -2.0000000E+00  1.2579217E-09
Measures of convergence (dx_hat dmu_hat):
 5.688E-11 8.028E-11
Next sampling location (x_next):
  7.5041401E-01

Iteration time [s]:        4.081
Cumulated time [s]:       29.765


--------------------------------------------------------------------------------
                                  ITERATION 21                                  
--------------------------------------------------------------------------------
| Acquiring more data
| Evaluating objective function at x = 7.504E-01
| Objective function evaluated, time [s]        0.000
| Updating GP model
| Calculating minimum prediction and other iteration quantities
| Looking for next sampling location
| Triggered pure exploration data acquiring due to overconfident model

| -Iteration summary-
Data acquisitions added to dataset (x y):
  7.5041401E-01      -1.9999951E+00
Total ensemble size: 24
Best acquisition (x_best y_best):
  7.5004938E-01      -1.9999999E+00
GP model hyperparameters (variance lengthscales):
 2.000E+03      1.610E+00
Global minimum prediction (x_hat mu_hat +- nu_hat):
  7.5000000E-01      -2.0000000E+00  1.1176321E-09
Measures of convergence (dx_hat dmu_hat):
 3.035E-09 1.648E-10
Next sampling location (x_next):
  1.1625000E+00

Iteration time [s]:        2.929
Cumulated time [s]:       32.698


--------------------------------------------------------------------------------
                                  ITERATION 22                                  
--------------------------------------------------------------------------------
| Acquiring more data
| Evaluating objective function at x = 1.162E+00
| Objective function evaluated, time [s]        0.000
| Updating GP model
| Calculating minimum prediction and other iteration quantities
| Looking for next sampling location

| -Iteration summary-
Data acquisitions added to dataset (x y):
  1.1625000E+00       1.0090746E+00
Total ensemble size: 25
Best acquisition (x_best y_best):
  7.5004938E-01      -1.9999999E+00
GP model hyperparameters (variance lengthscales):
 2.000E+03      1.610E+00
Global minimum prediction (x_hat mu_hat +- nu_hat):
  7.5000000E-01      -2.0000000E+00  1.1160405E-09
Measures of convergence (dx_hat dmu_hat):
 2.282E-09 2.893E-10
Next sampling location (x_next):
  7.5005417E-01

Iteration time [s]:        1.632
Cumulated time [s]:       34.333


--------------------------------------------------------------------------------
                                  ITERATION 23                                  
--------------------------------------------------------------------------------
| Acquiring more data
| Evaluating objective function at x = 7.501E-01
| Objective function evaluated, time [s]        0.000
| Updating GP model
| Calculating minimum prediction and other iteration quantities
| Looking for next sampling location

| -Iteration summary-
Data acquisitions added to dataset (x y):
  7.5005417E-01      -1.9999999E+00
Total ensemble size: 26
Best acquisition (x_best y_best):
  7.5004938E-01      -1.9999999E+00
GP model hyperparameters (variance lengthscales):
 2.000E+03      1.610E+00
Global minimum prediction (x_hat mu_hat +- nu_hat):
  7.5000000E-01      -2.0000000E+00  1.0041727E-09
Measures of convergence (dx_hat dmu_hat):
 1.516E-09 1.567E-10
Next sampling location (x_next):
  7.5124306E-01

Iteration time [s]:        2.821
Cumulated time [s]:       37.157


--------------------------------------------------------------------------------
                                  ITERATION 24                                  
--------------------------------------------------------------------------------
| Acquiring more data
| Evaluating objective function at x = 7.512E-01
| Objective function evaluated, time [s]        0.000
| Updating GP model
| Calculating minimum prediction and other iteration quantities
| Looking for next sampling location
| Triggered pure exploration data acquiring due to overconfident model

| -Iteration summary-
Data acquisitions added to dataset (x y):
  7.5124306E-01      -1.9999559E+00
Total ensemble size: 27
Best acquisition (x_best y_best):
  7.5004938E-01      -1.9999999E+00
GP model hyperparameters (variance lengthscales):
 2.000E+03      1.610E+00
Global minimum prediction (x_hat mu_hat +- nu_hat):
  7.5000000E-01      -2.0000000E+00  9.1345056E-10
Measures of convergence (dx_hat dmu_hat):
 1.517E-09 1.382E-10
Next sampling location (x_next):
 -5.6250000E-02

Iteration time [s]:        3.053
Cumulated time [s]:       40.215


--------------------------------------------------------------------------------
                                  ITERATION 25                                  
--------------------------------------------------------------------------------
| Acquiring more data
| Evaluating objective function at x = -5.625E-02
| Objective function evaluated, time [s]        0.000
| Updating GP model
| Optimising GP model
| Calculating minimum prediction and other iteration quantities
| Looking for next sampling location

| -Iteration summary-
Data acquisitions added to dataset (x y):
 -5.6250000E-02       6.2625286E-01
Total ensemble size: 28
Best acquisition (x_best y_best):
  7.5004938E-01      -1.9999999E+00
GP model hyperparameters (variance lengthscales):
 2.000E+03      1.615E+00
Global minimum prediction (x_hat mu_hat +- nu_hat):
  7.5000000E-01      -2.0000000E+00  9.1094945E-10
Measures of convergence (dx_hat dmu_hat):
 1.395E-10 1.883E-10
Next sampling location (x_next):
  7.4973791E-01

Iteration time [s]:        4.276
Cumulated time [s]:       44.495

| Stopped BO due to maximum number of iterations reached
| Bayesian optimisation completed, time [s]       44.365

| Starting post-processing...

--------------------------------------------------------------------------------
                                POST-PROCESSING                                 
--------------------------------------------------------------------------------
| Post-processing iteration 0
| Finding model local minima
| Post-processing iteration 1
| Finding model local minima
| Post-processing iteration 2
| Finding model local minima
| Post-processing iteration 3
| Finding model local minima
| Post-processing iteration 4
| Finding model local minima
| Post-processing iteration 5
| Finding model local minima
| Post-processing iteration 6
| Finding model local minima
| Post-processing iteration 7
| Finding model local minima
| Post-processing iteration 8
| Finding model local minima
| Post-processing iteration 9
| Finding model local minima
| Post-processing iteration 10
| Finding model local minima
| Post-processing iteration 11
| Finding model local minima
| Post-processing iteration 12
| Finding model local minima
| Post-processing iteration 13
| Finding model local minima
| Post-processing iteration 14
| Finding model local minima
| Post-processing iteration 15
| Finding model local minima
| Post-processing iteration 16
| Finding model local minima
| Post-processing iteration 17
| Finding model local minima
| Post-processing iteration 18
| Finding model local minima
| Post-processing iteration 19
| Finding model local minima
| Post-processing iteration 20
| Finding model local minima
| Post-processing iteration 21
| Finding model local minima
| Post-processing iteration 22
| Finding model local minima
| Post-processing iteration 23
| Finding model local minima
| Post-processing iteration 24
| Finding model local minima
| Post-processing iteration 25
| Finding model local minima
| Dumping and plotting true function
| Replotting 1D models with true function
| Post-processing completed, time [s]       18.568


--------------------------------------------------------------------------------
                        BOSS is done! Have a nice day :)                        

      Datetime 28-08-2018 15:28:55          Cumulated time [s]       63.072     
--------------------------------------------------------------------------------
